npm error code ENOENT
npm error syscall open
npm error path /workspaces/SAE203/frontend/frontend/package.json
npm error errno -2
npm error enoent Could not read package.json: Error: ENOENT: no such file or directory, open '/workspaces/SAE203/frontend/frontend/package.json'
npm error enoent This is related to npm not being able to find a file.
npm error enoent
npm error A complete log of this run can be found in: /home/vscode/.npm/_logs/2025-04-16T11_00_52_521Z-debug-0.log
npm error code ENOENT
npm error syscall open
npm error path /workspaces/SAE203/frontend/frontend/package.json
npm error errno -2
npm error enoent Could not read package.json: Error: ENOENT: no such file or directory, open '/workspaces/SAE203/frontend/frontend/package.json'
npm error enoent This is related to npm not being able to find a file.
npm error enoent
npm error A complete log of this run can be found in: /home/vscode/.npm/_logs/2025-04-16T11_01_30_593Z-debug-0.log
npm error code ENOENT
npm error syscall open
npm error path /workspaces/SAE203/frontend/frontend/package.json
npm error errno -2
npm error enoent Could not read package.json: Error: ENOENT: no such file or directory, open '/workspaces/SAE203/frontend/frontend/package.json'
npm error enoent This is related to npm not being able to find a file.
npm error enoent
npm error A complete log of this run can be found in: /home/vscode/.npm/_logs/2025-04-16T12_52_01_186Z-debug-0.log
npm error code ENOENT
npm error syscall open
npm error path /workspaces/SAE203/frontend/frontend/package.json
npm error errno -2
npm error enoent Could not read package.json: Error: ENOENT: no such file or directory, open '/workspaces/SAE203/frontend/frontend/package.json'
npm error enoent This is related to npm not being able to find a file.
npm error enoent
npm error A complete log of this run can be found in: /home/vscode/.npm/_logs/2025-04-16T13_06_30_099Z-debug-0.log
npm error code ENOENT
npm error syscall open
npm error path /workspaces/SAE203/frontend/frontend/package.json
npm error errno -2
npm error enoent Could not read package.json: Error: ENOENT: no such file or directory, open '/workspaces/SAE203/frontend/frontend/package.json'
npm error enoent This is related to npm not being able to find a file.
npm error enoent
npm error A complete log of this run can be found in: /home/vscode/.npm/_logs/2025-04-19T08_05_27_183Z-debug-0.log
